<?xml version="1.0" encoding="UTF-8"?>
<!-- Generated by org.testng.reporters.JUnitReportReporter -->
<testsuite skipped="0" hostname="LM0000185" name="com.demo.testcases.AddToCartTest" tests="1" failures="0" timestamp="04 Jul 2019 15:26:05 GMT" time="26.847" errors="0">
  <testcase name="addToCartFromMamacita" time="26.847" classname="com.demo.testcases.AddToCartTest"/>
</testsuite> <!-- com.demo.testcases.AddToCartTest -->
